[debug] [2021-12-12T18:31:38.890Z] ----------------------------------------------------------------------
[debug] [2021-12-12T18:31:38.896Z] Command:       C:\Program Files\nodejs\node.exe C:\Users\admin\AppData\Roaming\npm\node_modules\firebase-tools\lib\bin\firebase.js deploy
[debug] [2021-12-12T18:31:38.897Z] CLI Version:   9.23.0
[debug] [2021-12-12T18:31:38.898Z] Platform:      win32
[debug] [2021-12-12T18:31:38.898Z] Node Version:  v16.13.0
[debug] [2021-12-12T18:31:38.905Z] Time:          Mon Dec 13 2021 00:01:38 GMT+0530 (India Standard Time)
[debug] [2021-12-12T18:31:38.906Z] ----------------------------------------------------------------------
[debug] 
[debug] [2021-12-12T18:31:38.918Z] >>> [apiv2][query] GET https://firebase-public.firebaseio.com/cli.json [none]
[debug] [2021-12-12T18:31:39.115Z] > command requires scopes: ["email","openid","https://www.googleapis.com/auth/cloudplatformprojects.readonly","https://www.googleapis.com/auth/firebase","https://www.googleapis.com/auth/cloud-platform"]
[debug] [2021-12-12T18:31:39.116Z] > authorizing via signed-in user (shivamtripathi159@gmail.com)
[debug] [2021-12-12T18:31:39.116Z] [iam] checking project vartalaap-message for permissions ["firebase.projects.get","firebasehosting.sites.update"]
[debug] [2021-12-12T18:31:39.120Z] > refreshing access token with scopes: ["email","https://www.googleapis.com/auth/cloud-platform","https://www.googleapis.com/auth/cloudplatformprojects.readonly","https://www.googleapis.com/auth/firebase","openid"]
[debug] [2021-12-12T18:31:39.121Z] >>> HTTP REQUEST POST https://www.googleapis.com/oauth2/v3/token  
 <request body omitted>
[debug] [2021-12-12T18:31:39.675Z] <<< HTTP RESPONSE 200 {"cache-control":"no-cache, no-store, max-age=0, must-revalidate","expires":"Mon, 01 Jan 1990 00:00:00 GMT","date":"Sun, 12 Dec 2021 18:31:38 GMT","pragma":"no-cache","content-type":"application/json; charset=utf-8","vary":"X-Origin, Referer, Origin,Accept-Encoding","server":"scaffolding on HTTPServer2","x-xss-protection":"0","x-frame-options":"SAMEORIGIN","x-content-type-options":"nosniff","alt-svc":"h3=\":443\"; ma=2592000,h3-29=\":443\"; ma=2592000,h3-Q050=\":443\"; ma=2592000,h3-Q046=\":443\"; ma=2592000,h3-Q043=\":443\"; ma=2592000,quic=\":443\"; ma=2592000; v=\"46,43\"","accept-ranges":"none","transfer-encoding":"chunked"}
[debug] [2021-12-12T18:31:39.705Z] >>> HTTP REQUEST POST https://cloudresourcemanager.googleapis.com/v1/projects/vartalaap-message:testIamPermissions  
 {"permissions":["firebase.projects.get","firebasehosting.sites.update"]}
[debug] [2021-12-12T18:31:40.500Z] <<< [apiv2][status] GET https://firebase-public.firebaseio.com/cli.json 200
[debug] [2021-12-12T18:31:40.500Z] <<< [apiv2][body] GET https://firebase-public.firebaseio.com/cli.json {"cloudBuildErrorAfter":1594252800000,"cloudBuildWarnAfter":1590019200000,"defaultNode10After":1594252800000,"minVersion":"3.0.5","node8DeploysDisabledAfter":1613390400000,"node8RuntimeDisabledAfter":1615809600000,"node8WarnAfter":1600128000000}
[debug] [2021-12-12T18:31:41.879Z] <<< HTTP RESPONSE 200 {"content-type":"application/json; charset=UTF-8","vary":"X-Origin, Referer, Origin,Accept-Encoding","date":"Sun, 12 Dec 2021 18:31:40 GMT","server":"ESF","cache-control":"private","x-xss-protection":"0","x-frame-options":"SAMEORIGIN","x-content-type-options":"nosniff","server-timing":"gfet4t7; dur=1176","alt-svc":"h3=\":443\"; ma=2592000,h3-29=\":443\"; ma=2592000,h3-Q050=\":443\"; ma=2592000,h3-Q046=\":443\"; ma=2592000,h3-Q043=\":443\"; ma=2592000,quic=\":443\"; ma=2592000; v=\"46,43\"","accept-ranges":"none","transfer-encoding":"chunked"}
[debug] [2021-12-12T18:31:41.882Z] > refreshing access token with scopes: []
[debug] [2021-12-12T18:31:41.883Z] >>> HTTP REQUEST POST https://www.googleapis.com/oauth2/v3/token  
 <request body omitted>
[debug] [2021-12-12T18:31:42.228Z] <<< HTTP RESPONSE 200 {"expires":"Mon, 01 Jan 1990 00:00:00 GMT","pragma":"no-cache","cache-control":"no-cache, no-store, max-age=0, must-revalidate","date":"Sun, 12 Dec 2021 18:31:41 GMT","content-type":"application/json; charset=utf-8","vary":"X-Origin, Referer, Origin,Accept-Encoding","server":"scaffolding on HTTPServer2","x-xss-protection":"0","x-frame-options":"SAMEORIGIN","x-content-type-options":"nosniff","alt-svc":"h3=\":443\"; ma=2592000,h3-29=\":443\"; ma=2592000,h3-Q050=\":443\"; ma=2592000,h3-Q046=\":443\"; ma=2592000,h3-Q043=\":443\"; ma=2592000,quic=\":443\"; ma=2592000; v=\"46,43\"","accept-ranges":"none","transfer-encoding":"chunked"}
[debug] [2021-12-12T18:31:42.261Z] >>> [apiv2][query] GET https://firebase.googleapis.com/v1beta1/projects/vartalaap-message [none]
[debug] [2021-12-12T18:32:03.358Z] Failed to make request to https://firebase.googleapis.com/v1beta1/projects/vartalaap-message
[debug] [2021-12-12T18:32:03.734Z] FirebaseError: Failed to make request to https://firebase.googleapis.com/v1beta1/projects/vartalaap-message
    at Client.doRequest (C:\Users\admin\AppData\Roaming\npm\node_modules\firebase-tools\lib\apiv2.js:213:19)
    at processTicksAndRejections (node:internal/process/task_queues:96:5)
    at async Client.request (C:\Users\admin\AppData\Roaming\npm\node_modules\firebase-tools\lib\apiv2.js:96:20)
    at async Object.getFirebaseProject (C:\Users\admin\AppData\Roaming\npm\node_modules\firebase-tools\lib\management\projects.js:290:21)
    at async Object.getDefaultHostingSite (C:\Users\admin\AppData\Roaming\npm\node_modules\firebase-tools\lib\getDefaultHostingSite.js:8:21)
    at async requireHostingSite (C:\Users\admin\AppData\Roaming\npm\node_modules\firebase-tools\lib\requireHostingSite.js:9:18)
    at async Object.fn (C:\Users\admin\AppData\Roaming\npm\node_modules\firebase-tools\lib\commands\deploy.js:73:9)
    at async C:\Users\admin\AppData\Roaming\npm\node_modules\firebase-tools\lib\command.js:188:17
[error] 
[error] Error: Failed to get Firebase project vartalaap-message. Please make sure the project exists and your account has permission to access it.
[debug] [2021-12-12T18:32:40.029Z] ----------------------------------------------------------------------
[debug] [2021-12-12T18:32:40.034Z] Command:       C:\Program Files\nodejs\node.exe C:\Users\admin\AppData\Roaming\npm\node_modules\firebase-tools\lib\bin\firebase.js deploy
[debug] [2021-12-12T18:32:40.036Z] CLI Version:   9.23.0
[debug] [2021-12-12T18:32:40.036Z] Platform:      win32
[debug] [2021-12-12T18:32:40.036Z] Node Version:  v16.13.0
[debug] [2021-12-12T18:32:40.039Z] Time:          Mon Dec 13 2021 00:02:40 GMT+0530 (India Standard Time)
[debug] [2021-12-12T18:32:40.040Z] ----------------------------------------------------------------------
[debug] 
[debug] [2021-12-12T18:32:40.180Z] > command requires scopes: ["email","openid","https://www.googleapis.com/auth/cloudplatformprojects.readonly","https://www.googleapis.com/auth/firebase","https://www.googleapis.com/auth/cloud-platform"]
[debug] [2021-12-12T18:32:40.181Z] > authorizing via signed-in user (shivamtripathi159@gmail.com)
[debug] [2021-12-12T18:32:40.181Z] [iam] checking project vartalaap-message for permissions ["firebase.projects.get","firebasehosting.sites.update"]
[debug] [2021-12-12T18:32:40.184Z] > refreshing access token with scopes: ["email","https://www.googleapis.com/auth/cloud-platform","https://www.googleapis.com/auth/cloudplatformprojects.readonly","https://www.googleapis.com/auth/firebase","openid"]
[debug] [2021-12-12T18:32:40.184Z] >>> HTTP REQUEST POST https://www.googleapis.com/oauth2/v3/token  
 <request body omitted>
[debug] [2021-12-12T18:32:40.589Z] <<< HTTP RESPONSE 200 {"expires":"Mon, 01 Jan 1990 00:00:00 GMT","date":"Sun, 12 Dec 2021 18:32:39 GMT","cache-control":"no-cache, no-store, max-age=0, must-revalidate","pragma":"no-cache","content-type":"application/json; charset=utf-8","vary":"X-Origin, Referer, Origin,Accept-Encoding","server":"scaffolding on HTTPServer2","x-xss-protection":"0","x-frame-options":"SAMEORIGIN","x-content-type-options":"nosniff","alt-svc":"h3=\":443\"; ma=2592000,h3-29=\":443\"; ma=2592000,h3-Q050=\":443\"; ma=2592000,h3-Q046=\":443\"; ma=2592000,h3-Q043=\":443\"; ma=2592000,quic=\":443\"; ma=2592000; v=\"46,43\"","accept-ranges":"none","transfer-encoding":"chunked"}
[debug] [2021-12-12T18:32:40.619Z] >>> HTTP REQUEST POST https://cloudresourcemanager.googleapis.com/v1/projects/vartalaap-message:testIamPermissions  
 {"permissions":["firebase.projects.get","firebasehosting.sites.update"]}
[debug] [2021-12-12T18:32:42.704Z] <<< HTTP RESPONSE 200 {"content-type":"application/json; charset=UTF-8","vary":"X-Origin, Referer, Origin,Accept-Encoding","date":"Sun, 12 Dec 2021 18:32:41 GMT","server":"ESF","cache-control":"private","x-xss-protection":"0","x-frame-options":"SAMEORIGIN","x-content-type-options":"nosniff","server-timing":"gfet4t7; dur=1139","alt-svc":"h3=\":443\"; ma=2592000,h3-29=\":443\"; ma=2592000,h3-Q050=\":443\"; ma=2592000,h3-Q046=\":443\"; ma=2592000,h3-Q043=\":443\"; ma=2592000,quic=\":443\"; ma=2592000; v=\"46,43\"","accept-ranges":"none","transfer-encoding":"chunked"}
[debug] [2021-12-12T18:32:42.709Z] > refreshing access token with scopes: []
[debug] [2021-12-12T18:32:42.709Z] >>> HTTP REQUEST POST https://www.googleapis.com/oauth2/v3/token  
 <request body omitted>
[debug] [2021-12-12T18:32:43.080Z] <<< HTTP RESPONSE 200 {"expires":"Mon, 01 Jan 1990 00:00:00 GMT","date":"Sun, 12 Dec 2021 18:32:42 GMT","cache-control":"no-cache, no-store, max-age=0, must-revalidate","pragma":"no-cache","content-type":"application/json; charset=utf-8","vary":"X-Origin, Referer, Origin,Accept-Encoding","server":"scaffolding on HTTPServer2","x-xss-protection":"0","x-frame-options":"SAMEORIGIN","x-content-type-options":"nosniff","alt-svc":"h3=\":443\"; ma=2592000,h3-29=\":443\"; ma=2592000,h3-Q050=\":443\"; ma=2592000,h3-Q046=\":443\"; ma=2592000,h3-Q043=\":443\"; ma=2592000,quic=\":443\"; ma=2592000; v=\"46,43\"","accept-ranges":"none","transfer-encoding":"chunked"}
[debug] [2021-12-12T18:32:43.113Z] >>> [apiv2][query] GET https://firebase.googleapis.com/v1beta1/projects/vartalaap-message [none]
[debug] [2021-12-12T18:33:04.188Z] Failed to make request to https://firebase.googleapis.com/v1beta1/projects/vartalaap-message
[debug] [2021-12-12T18:33:04.539Z] FirebaseError: Failed to make request to https://firebase.googleapis.com/v1beta1/projects/vartalaap-message
    at Client.doRequest (C:\Users\admin\AppData\Roaming\npm\node_modules\firebase-tools\lib\apiv2.js:213:19)
    at processTicksAndRejections (node:internal/process/task_queues:96:5)
    at async Client.request (C:\Users\admin\AppData\Roaming\npm\node_modules\firebase-tools\lib\apiv2.js:96:20)
    at async Object.getFirebaseProject (C:\Users\admin\AppData\Roaming\npm\node_modules\firebase-tools\lib\management\projects.js:290:21)
    at async Object.getDefaultHostingSite (C:\Users\admin\AppData\Roaming\npm\node_modules\firebase-tools\lib\getDefaultHostingSite.js:8:21)
    at async requireHostingSite (C:\Users\admin\AppData\Roaming\npm\node_modules\firebase-tools\lib\requireHostingSite.js:9:18)
    at async Object.fn (C:\Users\admin\AppData\Roaming\npm\node_modules\firebase-tools\lib\commands\deploy.js:73:9)
    at async C:\Users\admin\AppData\Roaming\npm\node_modules\firebase-tools\lib\command.js:188:17
[error] 
[error] Error: Failed to get Firebase project vartalaap-message. Please make sure the project exists and your account has permission to access it.
[debug] [2021-12-12T18:33:49.872Z] ----------------------------------------------------------------------
[debug] [2021-12-12T18:33:49.878Z] Command:       C:\Program Files\nodejs\node.exe C:\Users\admin\AppData\Roaming\npm\node_modules\firebase-tools\lib\bin\firebase.js init
[debug] [2021-12-12T18:33:49.879Z] CLI Version:   9.23.0
[debug] [2021-12-12T18:33:49.880Z] Platform:      win32
[debug] [2021-12-12T18:33:49.880Z] Node Version:  v16.13.0
[debug] [2021-12-12T18:33:49.883Z] Time:          Mon Dec 13 2021 00:03:49 GMT+0530 (India Standard Time)
[debug] [2021-12-12T18:33:49.884Z] ----------------------------------------------------------------------
[debug] 
[debug] [2021-12-12T18:33:50.018Z] > command requires scopes: ["email","openid","https://www.googleapis.com/auth/cloudplatformprojects.readonly","https://www.googleapis.com/auth/firebase","https://www.googleapis.com/auth/cloud-platform"]
[debug] [2021-12-12T18:33:50.019Z] > authorizing via signed-in user (shivamtripathi159@gmail.com)
[info] 
     ######## #### ########  ######## ########     ###     ######  ########
     ##        ##  ##     ## ##       ##     ##  ##   ##  ##       ##
     ######    ##  ########  ######   ########  #########  ######  ######
     ##        ##  ##    ##  ##       ##     ## ##     ##       ## ##
     ##       #### ##     ## ######## ########  ##     ##  ######  ########

You're about to initialize a Firebase project in this directory:

  D:\Github Projects\vartalapp-new\vartalapp-new

Before we get started, keep in mind:

  * You are initializing within an existing Firebase project directory

[debug] [2021-12-12T18:35:21.317Z] ----------------------------------------------------------------------
[debug] [2021-12-12T18:35:21.323Z] Command:       C:\Program Files\nodejs\node.exe C:\Users\admin\AppData\Roaming\npm\node_modules\firebase-tools\lib\bin\firebase.js init
[debug] [2021-12-12T18:35:21.324Z] CLI Version:   9.23.0
[debug] [2021-12-12T18:35:21.324Z] Platform:      win32
[debug] [2021-12-12T18:35:21.325Z] Node Version:  v16.13.0
[debug] [2021-12-12T18:35:21.327Z] Time:          Mon Dec 13 2021 00:05:21 GMT+0530 (India Standard Time)
[debug] [2021-12-12T18:35:21.328Z] ----------------------------------------------------------------------
[debug] 
[debug] [2021-12-12T18:35:21.467Z] > command requires scopes: ["email","openid","https://www.googleapis.com/auth/cloudplatformprojects.readonly","https://www.googleapis.com/auth/firebase","https://www.googleapis.com/auth/cloud-platform"]
[debug] [2021-12-12T18:35:21.468Z] > authorizing via signed-in user (shivamtripathi159@gmail.com)
[info] 
     ######## #### ########  ######## ########     ###     ######  ########
     ##        ##  ##     ## ##       ##     ##  ##   ##  ##       ##
     ######    ##  ########  ######   ########  #########  ######  ######
     ##        ##  ##    ##  ##       ##     ## ##     ##       ## ##
     ##       #### ##     ## ######## ########  ##     ##  ######  ########

You're about to initialize a Firebase project in this directory:

  D:\Github Projects\vartalapp-new\vartalapp-new

Before we get started, keep in mind:

  * You are initializing within an existing Firebase project directory

[info] 
=== Project Setup
[info] 
[info] First, let's associate this project directory with a Firebase project.
[info] You can create multiple project aliases by running firebase use --add, 
[info] but for now we'll just set up a default project.
[info] 
[info] i  .firebaserc already has a default project, using vartalaap-message. 
[debug] [2021-12-12T18:35:42.799Z] >>> [apiv2][query] GET https://firebase.googleapis.com/v1beta1/projects/vartalaap-message [none]
[debug] [2021-12-12T18:35:43.733Z] <<< [apiv2][status] GET https://firebase.googleapis.com/v1beta1/projects/vartalaap-message 200
[debug] [2021-12-12T18:35:43.734Z] <<< [apiv2][body] GET https://firebase.googleapis.com/v1beta1/projects/vartalaap-message {"projectId":"vartalaap-message","projectNumber":"975520215363","displayName":"vartalaap-message","name":"projects/vartalaap-message","resources":{"hostingSite":"vartalaap-message","storageBucket":"vartalaap-message.appspot.com","locationId":"us-central"},"state":"ACTIVE"}
[info] 
=== Hosting Setup
[info] 
[info] Your public directory is the folder (relative to your project directory) that
[info] will contain Hosting assets to be uploaded with firebase deploy. If you
[info] have a build process for your assets, use your build's output directory.
[info] 
